SF:lib\data\login_response.dart
DA:10,0
DA:17,0
DA:18,0
DA:19,0
DA:20,0
DA:21,0
DA:24,0
DA:25,0
DA:26,0
DA:27,0
DA:28,0
LF:11
LH:0
end_of_record
SF:lib\data\planter.dart
DA:32,5
DA:51,0
DA:52,0
DA:54,12
DA:56,10
DA:57,5
DA:58,5
DA:59,5
DA:60,5
DA:61,5
DA:62,5
DA:63,5
DA:64,5
DA:65,10
DA:66,5
DA:67,5
DA:68,5
DA:69,5
DA:70,5
DA:71,5
DA:72,5
DA:73,15
DA:74,5
DA:77,1
DA:95,1
DA:96,0
DA:97,1
DA:98,1
DA:99,1
DA:100,1
DA:101,1
DA:102,1
DA:103,1
DA:104,1
DA:105,1
DA:106,1
DA:107,1
DA:108,1
DA:109,1
DA:110,1
DA:111,1
DA:114,0
DA:115,0
DA:116,0
DA:117,0
DA:118,0
DA:119,0
DA:120,0
DA:121,0
DA:122,0
DA:123,0
DA:124,0
DA:125,0
DA:126,0
DA:127,0
DA:128,0
DA:129,0
DA:130,0
LF:58
LH:38
end_of_record
SF:lib\models\auth_model.dart
DA:15,10
DA:17,6
DA:18,0
DA:21,5
DA:22,5
DA:23,5
DA:24,5
DA:26,0
DA:30,1
DA:31,1
DA:32,1
DA:33,1
DA:36,0
DA:37,0
DA:38,0
DA:39,0
DA:42,0
DA:44,0
DA:46,0
DA:48,0
DA:50,0
DA:54,1
DA:56,2
DA:57,0
DA:60,0
DA:62,0
DA:63,0
DA:66,0
DA:67,0
DA:68,0
DA:70,0
LF:31
LH:12
end_of_record
SF:lib\data\activity\activity.dart
DA:31,3
DA:49,3
DA:58,0
DA:59,0
DA:61,6
DA:62,3
DA:63,3
DA:64,3
DA:65,3
DA:66,3
DA:67,3
DA:68,3
DA:69,9
DA:70,3
DA:71,6
DA:72,3
DA:73,9
DA:74,3
DA:75,6
DA:76,3
DA:77,9
DA:78,3
DA:79,3
DA:80,3
DA:81,3
DA:83,6
DA:84,3
DA:85,3
LF:28
LH:26
end_of_record
SF:lib\data\activity\planter_activity.dart
DA:16,0
DA:25,0
DA:34,0
DA:35,0
DA:37,0
DA:38,0
DA:39,0
DA:40,0
DA:41,0
DA:44,0
DA:45,0
DA:48,0
DA:52,0
DA:53,0
DA:54,0
DA:55,0
DA:56,0
DA:57,0
DA:58,0
DA:59,0
DA:60,0
DA:63,0
DA:64,0
DA:65,0
DA:66,0
DA:67,0
DA:68,0
DA:69,0
DA:70,0
DA:71,0
DA:72,0
LF:31
LH:0
end_of_record
SF:lib\data\chat.dart
DA:14,0
DA:22,0
DA:23,0
DA:25,0
DA:26,0
DA:27,0
DA:28,0
DA:29,0
DA:30,0
DA:33,0
DA:34,0
DA:35,0
DA:36,0
LF:13
LH:0
end_of_record
SF:lib\data\message.dart
DA:8,0
DA:10,0
DA:11,0
DA:13,0
DA:14,0
DA:15,0
DA:16,0
DA:19,0
DA:20,0
DA:21,0
DA:22,0
LF:11
LH:0
end_of_record
SF:lib\data\plant.dart
DA:20,0
DA:30,0
DA:31,0
DA:33,0
DA:34,0
DA:35,0
DA:36,0
DA:37,0
DA:38,0
DA:40,0
DA:41,0
DA:42,0
LF:12
LH:0
end_of_record
SF:lib\data\planter_canvas.dart
DA:12,0
DA:17,0
DA:18,0
DA:20,0
DA:21,0
DA:22,0
DA:23,0
DA:24,0
LF:8
LH:0
end_of_record
SF:lib\data\planter_checkin.dart
DA:18,1
DA:25,1
DA:27,0
DA:28,0
DA:30,4
DA:32,0
DA:33,0
DA:34,0
DA:35,0
DA:36,0
DA:37,0
DA:38,0
DA:41,0
DA:42,0
DA:43,0
DA:44,0
DA:45,0
DA:46,0
DA:47,0
LF:19
LH:3
end_of_record
SF:lib\data\planter_friend.dart
DA:11,0
DA:18,0
DA:19,0
DA:20,0
DA:21,0
DA:22,0
DA:25,0
DA:26,0
LF:8
LH:0
end_of_record
SF:lib\data\planter_notification.dart
DA:12,0
DA:17,0
DA:19,0
DA:20,0
DA:22,0
DA:23,0
DA:24,0
DA:25,0
DA:26,0
DA:27,0
DA:30,0
DA:32,0
DA:33,0
DA:34,0
DA:36,0
DA:38,0
DA:40,0
DA:42,0
DA:44,0
LF:19
LH:0
end_of_record
SF:lib\data\search_results.dart
DA:15,0
DA:22,0
DA:23,0
DA:24,0
DA:27,0
DA:28,0
DA:29,0
DA:30,0
DA:31,0
DA:34,0
DA:35,0
DA:36,0
DA:39,0
DA:42,0
DA:44,0
LF:15
LH:0
end_of_record
SF:lib\api\api_exceptions.dart
DA:9,0
DA:14,0
DA:19,0
DA:20,0
DA:24,0
DA:26,0
LF:6
LH:0
end_of_record
SF:lib\api\mock\mock_api.dart
DA:25,3
DA:28,2
DA:29,6
DA:31,2
DA:32,2
DA:34,8
DA:38,0
DA:39,0
DA:40,0
DA:41,0
DA:42,0
DA:46,0
DA:47,0
DA:48,0
DA:52,0
DA:53,0
DA:54,0
DA:58,0
DA:59,0
DA:60,0
DA:64,2
DA:66,6
DA:69,2
DA:70,2
DA:71,8
DA:75,0
DA:77,0
DA:78,0
DA:79,0
DA:83,0
DA:84,0
DA:85,0
DA:89,0
DA:90,0
DA:92,0
DA:93,0
DA:97,0
DA:99,0
DA:101,0
DA:102,0
DA:106,0
DA:108,0
DA:109,0
DA:110,0
DA:111,0
DA:112,0
DA:116,0
DA:118,0
DA:120,0
DA:121,0
DA:122,0
DA:124,0
DA:125,0
DA:129,0
DA:130,0
DA:131,0
DA:135,0
DA:137,0
DA:142,0
DA:143,0
DA:148,0
DA:149,0
DA:150,0
DA:153,0
DA:158,0
DA:159,0
DA:164,0
DA:166,0
DA:167,0
DA:171,0
DA:173,0
DA:178,0
DA:179,0
DA:180,0
DA:185,2
DA:189,8
LF:76
LH:13
end_of_record
SF:lib\core\routes.dart
DA:23,1
DA:24,2
DA:25,0
DA:28,2
DA:30,1
DA:31,0
DA:32,2
DA:35,1
DA:37,1
DA:38,0
DA:39,0
DA:40,0
DA:43,1
DA:44,0
DA:45,1
DA:46,0
DA:47,1
DA:48,0
DA:49,1
DA:50,0
DA:51,1
DA:52,2
DA:53,0
DA:54,0
DA:55,0
DA:57,0
DA:59,0
DA:60,0
DA:61,0
DA:62,0
DA:63,0
DA:64,0
DA:65,0
DA:66,0
DA:67,0
DA:69,0
DA:70,0
DA:71,0
DA:72,0
DA:73,0
DA:74,0
DA:76,0
DA:77,0
DA:78,0
DA:79,0
DA:80,0
DA:81,0
DA:83,0
DA:84,0
DA:86,0
DA:95,0
DA:96,0
DA:97,0
DA:104,0
DA:110,0
DA:115,0
DA:123,0
LF:57
LH:13
end_of_record
SF:lib\data\route_arguments.dart
DA:18,0
LF:1
LH:0
end_of_record
SF:lib\screens\activity_details_screen.dart
DA:36,1
DA:40,0
DA:41,1
DA:43,1
DA:44,1
DA:50,1
DA:52,1
DA:53,4
DA:56,1
DA:58,1
DA:59,2
DA:60,1
DA:61,1
DA:62,2
DA:63,0
DA:64,0
DA:65,0
DA:76,2
DA:78,1
DA:80,1
DA:81,1
DA:83,1
DA:84,1
DA:85,1
DA:86,1
DA:87,1
DA:88,1
DA:89,2
DA:90,1
DA:91,2
DA:92,1
DA:93,1
DA:94,1
DA:95,2
DA:96,1
DA:97,1
DA:99,2
DA:100,0
DA:101,0
DA:103,0
DA:104,0
DA:115,2
DA:117,1
DA:118,1
DA:120,1
DA:121,2
DA:124,2
DA:128,4
DA:129,1
DA:132,1
DA:133,1
DA:139,1
DA:140,2
DA:143,1
DA:147,1
DA:153,1
DA:154,2
DA:157,1
DA:161,1
DA:163,1
DA:164,1
DA:171,1
DA:172,2
DA:175,1
DA:184,2
DA:187,1
DA:188,1
DA:190,3
DA:195,1
DA:196,3
DA:197,1
DA:200,1
DA:201,2
DA:202,1
DA:204,2
DA:205,2
LF:76
LH:68
end_of_record
SF:lib\screens\dashboard_screen.dart
DA:26,0
DA:28,0
DA:30,0
DA:31,0
DA:32,0
DA:33,0
DA:34,0
DA:36,0
DA:38,0
DA:40,0
DA:45,0
DA:46,0
DA:48,0
DA:49,0
DA:50,0
DA:51,0
DA:52,0
DA:53,0
DA:54,0
DA:55,0
DA:56,0
DA:57,0
DA:58,0
DA:59,0
DA:60,0
DA:62,0
DA:63,0
DA:64,0
DA:66,0
DA:67,0
DA:81,0
DA:82,0
DA:84,0
DA:85,0
DA:87,0
DA:89,0
DA:90,0
DA:92,0
DA:93,0
DA:97,0
DA:101,0
DA:103,0
DA:105,0
DA:106,0
DA:108,0
DA:109,0
DA:110,0
DA:111,0
DA:116,0
DA:117,0
DA:118,0
DA:132,0
DA:133,0
DA:134,0
DA:135,0
DA:136,0
DA:138,0
DA:141,0
DA:142,0
DA:144,0
DA:145,0
LF:61
LH:0
end_of_record
SF:lib\screens\invitation_form_screen.dart
DA:10,0
DA:12,0
DA:14,0
DA:15,0
DA:16,0
DA:17,0
DA:19,0
LF:7
LH:0
end_of_record
SF:lib\screens\landing_screen.dart
DA:19,0
DA:21,2
DA:23,2
DA:24,2
DA:25,2
DA:26,2
DA:28,2
DA:29,2
DA:30,2
DA:31,0
DA:32,0
DA:34,0
DA:35,0
DA:40,2
DA:42,2
DA:44,2
DA:46,2
DA:47,4
DA:48,2
LF:19
LH:14
end_of_record
SF:lib\screens\log_in_screen.dart
DA:12,2
DA:14,1
DA:16,1
DA:17,1
DA:18,1
DA:19,1
DA:21,1
LF:7
LH:7
end_of_record
SF:lib\screens\member_screen.dart
DA:28,1
DA:32,0
DA:33,1
DA:35,1
DA:36,1
DA:42,1
DA:44,1
DA:45,4
DA:48,1
DA:50,1
DA:51,2
DA:52,1
DA:53,1
DA:54,2
DA:55,0
DA:56,0
DA:57,0
DA:68,2
DA:70,1
DA:72,1
DA:73,1
DA:75,1
DA:76,1
DA:77,1
DA:79,3
DA:81,2
DA:82,1
DA:84,1
DA:86,1
DA:87,1
DA:88,0
DA:89,0
DA:91,0
DA:92,0
DA:98,5
DA:99,1
DA:100,0
DA:101,0
DA:102,0
DA:110,1
DA:112,1
DA:113,4
LF:42
LH:31
end_of_record
SF:lib\screens\messenger_list_screen.dart
DA:18,0
DA:20,0
DA:21,0
DA:31,0
DA:33,0
DA:34,0
DA:35,0
DA:36,0
DA:37,0
DA:40,0
DA:41,0
DA:42,0
DA:51,0
DA:53,0
DA:54,0
DA:55,0
DA:56,0
DA:57,0
DA:59,0
DA:60,0
DA:62,0
DA:64,0
DA:67,0
DA:68,0
DA:69,0
DA:72,0
DA:73,0
DA:74,0
DA:78,0
DA:81,0
DA:85,0
DA:86,0
DA:87,0
DA:88,0
DA:89,0
DA:90,0
DA:91,0
DA:101,0
DA:102,0
DA:103,0
DA:104,0
DA:105,0
DA:106,0
DA:107,0
DA:108,0
DA:109,0
DA:110,0
DA:112,0
DA:113,0
DA:114,0
DA:115,0
DA:116,0
DA:117,0
DA:122,0
DA:123,0
DA:127,0
DA:128,0
LF:57
LH:0
end_of_record
SF:lib\screens\most_active_planters_screen.dart
DA:13,0
DA:14,0
DA:16,0
DA:18,0
DA:19,0
DA:20,0
DA:21,0
DA:23,0
DA:24,0
DA:26,0
DA:28,0
DA:30,0
DA:31,0
LF:13
LH:0
end_of_record
SF:lib\screens\most_liked_activities_screen.dart
DA:13,0
DA:14,0
DA:16,0
DA:18,0
DA:19,0
DA:20,0
DA:21,0
DA:23,0
DA:24,0
DA:26,0
DA:28,0
DA:29,0
LF:12
LH:0
end_of_record
SF:lib\screens\my_activities_screen.dart
DA:14,0
DA:16,0
DA:18,0
DA:19,0
DA:20,0
DA:21,0
DA:22,0
LF:7
LH:0
end_of_record
SF:lib\screens\notifications_screen.dart
DA:17,0
DA:19,0
DA:20,0
DA:27,0
DA:29,0
DA:30,0
DA:31,0
DA:34,0
DA:36,0
DA:38,0
DA:39,0
DA:41,0
DA:44,0
DA:45,0
DA:46,0
DA:47,0
DA:48,0
DA:49,0
DA:50,0
DA:51,0
DA:52,0
DA:63,0
DA:64,0
DA:65,0
DA:66,0
DA:67,0
DA:69,0
DA:70,0
DA:73,0
DA:76,0
DA:77,0
DA:79,0
DA:80,0
DA:82,0
DA:84,0
DA:93,0
DA:95,0
DA:97,0
LF:38
LH:0
end_of_record
SF:lib\screens\personal_plant_screen.dart
DA:13,0
DA:15,0
DA:17,0
DA:18,0
DA:19,0
DA:20,0
LF:6
LH:0
end_of_record
SF:lib\screens\plant_canvas_screen.dart
DA:24,0
DA:28,0
DA:29,0
DA:31,0
DA:32,0
DA:38,0
DA:40,0
DA:41,0
DA:44,0
DA:46,0
DA:47,0
DA:48,0
DA:49,0
DA:51,0
DA:52,0
DA:54,0
DA:57,0
DA:58,0
DA:60,0
DA:61,0
DA:62,0
DA:63,0
DA:64,0
DA:65,0
DA:66,0
DA:85,0
DA:86,0
DA:87,0
DA:88,0
DA:89,0
DA:90,0
DA:92,0
DA:93,0
DA:96,0
DA:97,0
DA:98,0
DA:110,0
DA:111,0
DA:113,0
DA:114,0
DA:116,0
DA:117,0
DA:118,0
DA:121,0
DA:122,0
DA:123,0
DA:125,0
DA:126,0
DA:128,0
DA:132,0
DA:133,0
DA:134,0
LF:52
LH:0
end_of_record
SF:lib\screens\profile_settings_screen.dart
DA:25,0
DA:27,0
DA:28,0
DA:44,0
DA:46,0
DA:47,0
DA:48,0
DA:49,0
DA:50,0
DA:53,0
DA:55,0
DA:56,0
DA:57,0
DA:58,0
DA:61,0
DA:62,0
DA:64,0
DA:65,0
DA:68,0
DA:72,0
DA:73,0
DA:74,0
DA:75,0
DA:76,0
DA:77,0
DA:81,0
DA:83,0
DA:84,0
DA:85,0
DA:86,0
DA:88,0
DA:89,0
DA:90,0
DA:91,0
DA:92,0
DA:94,0
DA:96,0
DA:105,0
DA:108,0
DA:109,0
DA:110,0
DA:111,0
DA:115,0
DA:123,0
DA:124,0
DA:125,0
DA:126,0
DA:128,0
DA:131,0
DA:134,0
DA:136,0
DA:137,0
DA:138,0
DA:146,0
DA:147,0
DA:157,0
DA:160,0
DA:161,0
DA:162,0
DA:163,0
DA:164,0
DA:176,0
DA:177,0
DA:178,0
DA:179,0
DA:180,0
DA:181,0
DA:184,0
DA:185,0
DA:186,0
DA:187,0
DA:190,0
DA:191,0
DA:192,0
DA:193,0
DA:194,0
DA:197,0
DA:198,0
DA:199,0
DA:204,0
DA:205,0
DA:212,0
DA:215,0
DA:216,0
DA:217,0
DA:218,0
DA:220,0
DA:222,0
DA:225,0
DA:226,0
DA:227,0
DA:228,0
DA:238,0
DA:239,0
DA:240,0
DA:241,0
DA:244,0
DA:245,0
DA:246,0
DA:247,0
DA:248,0
DA:249,0
DA:252,0
DA:253,0
DA:255,0
DA:256,0
DA:257,0
DA:258,0
DA:260,0
DA:261,0
DA:262,0
DA:263,0
DA:265,0
DA:267,0
DA:280,0
DA:281,0
DA:282,0
DA:284,0
DA:286,0
DA:287,0
DA:288,0
DA:289,0
DA:290,0
DA:291,0
DA:292,0
DA:294,0
DA:295,0
DA:296,0
DA:298,0
DA:303,0
DA:304,0
DA:305,0
DA:307,0
DA:316,0
DA:318,0
DA:319,0
DA:329,0
DA:331,0
DA:332,0
DA:333,0
DA:334,0
DA:337,0
DA:340,0
DA:341,0
DA:342,0
DA:344,0
DA:345,0
DA:346,0
DA:347,0
DA:353,0
DA:354,0
DA:356,0
DA:357,0
DA:358,0
DA:364,0
DA:365,0
DA:367,0
DA:368,0
DA:369,0
DA:376,0
DA:377,0
DA:378,0
DA:380,0
DA:381,0
DA:383,0
DA:384,0
DA:385,0
DA:386,0
DA:397,0
DA:398,0
DA:399,0
DA:402,0
DA:403,0
DA:404,0
DA:405,0
DA:406,0
DA:410,0
DA:411,0
DA:412,0
DA:414,0
LF:180
LH:0
end_of_record
SF:lib\screens\report_bug_screen.dart
DA:10,0
DA:12,0
DA:14,0
DA:15,0
DA:16,0
DA:17,0
DA:19,0
LF:7
LH:0
end_of_record
SF:lib\screens\search_screen.dart
DA:22,0
DA:23,0
DA:24,0
DA:26,0
DA:27,0
DA:34,0
DA:36,0
DA:37,0
DA:38,0
DA:41,0
DA:43,0
DA:44,0
DA:45,0
DA:46,0
DA:48,0
DA:49,0
DA:51,0
DA:53,0
DA:54,0
DA:55,0
DA:58,0
DA:59,0
DA:60,0
DA:61,0
DA:67,0
DA:68,0
DA:70,0
DA:71,0
DA:72,0
DA:73,0
DA:74,0
DA:76,0
DA:80,0
DA:81,0
DA:83,0
DA:87,0
DA:88,0
DA:89,0
DA:106,0
DA:107,0
DA:108,0
DA:109,0
DA:110,0
DA:114,0
DA:116,0
DA:118,0
DA:121,0
DA:122,0
DA:123,0
DA:125,0
DA:127,0
DA:128,0
DA:130,0
DA:131,0
DA:133,0
DA:134,0
DA:136,0
DA:137,0
DA:139,0
DA:140,0
DA:142,0
DA:143,0
DA:147,0
DA:148,0
DA:150,0
DA:151,0
LF:66
LH:0
end_of_record
SF:lib\screens\sign_up_screen.dart
DA:12,0
DA:14,0
DA:16,0
DA:17,0
DA:18,0
DA:19,0
DA:21,0
LF:7
LH:0
end_of_record
SF:lib\core\text_styles.dart
DA:5,5
DA:6,20
DA:11,4
DA:12,16
DA:17,1
DA:18,4
DA:23,2
DA:24,8
DA:29,0
DA:30,0
DA:35,1
DA:36,4
DA:41,1
DA:42,4
LF:14
LH:12
end_of_record
SF:lib\custom_painters\easiness_indicator_painter.dart
DA:24,1
DA:27,0
DA:28,1
DA:30,1
DA:32,1
DA:33,1
DA:37,2
DA:39,1
DA:41,3
DA:44,1
DA:47,3
DA:50,2
DA:52,1
DA:53,1
DA:54,1
DA:55,1
DA:58,3
DA:60,2
DA:64,5
DA:65,1
DA:70,2
DA:71,2
DA:73,3
DA:75,1
DA:76,2
DA:77,2
DA:78,1
DA:79,1
DA:80,1
DA:82,1
DA:86,0
LF:31
LH:29
end_of_record
SF:lib\custom_painters\quadrant_border_painter.dart
DA:14,1
DA:23,1
DA:25,1
DA:26,1
DA:28,1
DA:29,2
DA:30,1
DA:31,2
DA:33,1
DA:34,1
DA:35,2
DA:36,2
DA:37,2
DA:38,2
DA:39,1
DA:42,1
DA:43,1
DA:44,2
DA:45,2
DA:46,3
DA:47,2
DA:48,1
DA:51,1
DA:52,1
DA:53,2
DA:54,2
DA:55,2
DA:56,2
DA:57,1
DA:60,1
DA:61,1
DA:62,2
DA:63,2
DA:64,3
DA:65,2
DA:66,1
DA:70,0
LF:37
LH:36
end_of_record
SF:lib\data\activity_audience.dart
DA:13,3
DA:18,0
DA:19,0
DA:21,3
DA:22,3
DA:23,3
DA:24,3
LF:7
LH:5
end_of_record
SF:lib\data\activity_benefit.dart
DA:8,3
DA:13,3
DA:14,3
DA:15,3
DA:16,3
DA:19,1
DA:20,1
DA:21,1
DA:23,1
DA:25,1
DA:27,1
LF:11
LH:11
end_of_record
SF:lib\data\activity_category.dart
DA:8,6
DA:13,6
DA:14,6
DA:15,6
DA:16,6
DA:19,0
DA:20,0
DA:21,0
LF:8
LH:5
end_of_record
SF:lib\data\activity_step.dart
DA:17,3
DA:24,0
DA:25,0
DA:27,1
DA:28,1
DA:29,1
DA:31,1
DA:33,1
DA:35,1
DA:37,1
DA:39,1
DA:46,6
DA:47,3
DA:48,3
DA:49,3
DA:50,3
LF:16
LH:14
end_of_record
SF:lib\data\easiness.dart
DA:15,3
DA:17,1
DA:18,1
DA:19,1
DA:21,0
DA:23,0
DA:25,0
DA:27,0
DA:34,1
DA:35,1
DA:36,1
DA:38,0
DA:40,0
DA:42,0
DA:44,0
DA:51,0
DA:52,0
DA:54,0
DA:55,0
LF:19
LH:7
end_of_record
SF:lib\data\activity\base_activity.dart
DA:18,3
DA:27,0
DA:29,0
DA:30,0
LF:4
LH:1
end_of_record
SF:lib\data\activity\search_result_activity.dart
DA:7,0
DA:12,0
DA:19,0
DA:20,0
DA:21,0
DA:22,0
DA:23,0
DA:24,0
DA:27,0
DA:28,0
LF:10
LH:0
end_of_record
SF:lib\data\checkin_activity_type.dart
DA:14,0
DA:16,0
DA:17,0
DA:18,0
DA:20,0
DA:22,0
DA:24,0
DA:26,0
DA:33,0
DA:34,0
DA:36,0
DA:37,0
LF:12
LH:0
end_of_record
SF:lib\data\role.dart
DA:13,5
DA:15,0
DA:16,0
DA:18,0
DA:19,0
DA:21,0
DA:22,0
LF:7
LH:1
end_of_record
SF:lib\data\search_result_hashtags.dart
DA:9,0
DA:14,0
DA:15,0
DA:16,0
DA:17,0
DA:20,0
DA:21,0
LF:7
LH:0
end_of_record
SF:lib\models\messages_provider.dart
DA:9,0
DA:11,0
DA:12,0
DA:13,0
DA:14,0
DA:17,0
DA:18,0
DA:19,0
LF:8
LH:0
end_of_record
SF:lib\utils\wadi_green_icons.dart
DA:5,0
DA:6,0
DA:14,0
LF:3
LH:0
end_of_record
SF:lib\widgets\activities\activity_stats_grid.dart
DA:15,1
DA:16,0
DA:17,1
DA:19,1
DA:20,1
DA:26,1
DA:28,1
DA:29,3
DA:32,2
DA:36,1
DA:37,2
DA:42,1
DA:43,1
DA:44,2
DA:45,1
DA:48,1
DA:49,5
DA:51,1
DA:52,1
DA:53,1
DA:54,1
DA:55,4
DA:65,1
DA:68,1
DA:70,1
DA:71,1
DA:72,2
DA:73,1
DA:74,1
DA:75,1
DA:76,1
DA:77,1
DA:79,3
DA:81,1
DA:83,3
LF:35
LH:34
end_of_record
SF:lib\widgets\activities\activity_steps_widget.dart
DA:21,1
DA:22,0
DA:23,1
DA:25,1
DA:26,1
DA:35,1
DA:37,1
DA:38,1
DA:41,1
DA:43,2
DA:44,1
DA:47,1
DA:48,3
DA:53,0
DA:55,0
DA:56,0
DA:57,0
DA:58,0
DA:60,0
DA:63,0
DA:65,0
DA:66,0
DA:67,0
DA:68,0
DA:70,0
DA:73,0
DA:78,0
DA:81,1
DA:83,2
DA:84,8
DA:85,1
DA:88,1
DA:89,1
DA:90,0
DA:95,1
DA:96,1
DA:97,1
DA:98,7
DA:104,1
DA:105,1
DA:106,0
DA:107,1
DA:108,0
DA:109,1
DA:111,1
DA:115,1
DA:116,1
DA:121,2
DA:122,3
DA:123,0
DA:127,0
DA:128,0
DA:129,0
DA:131,0
DA:133,0
DA:134,0
DA:135,0
DA:138,0
DA:142,0
DA:143,0
DA:145,0
DA:146,0
DA:147,0
DA:148,0
DA:152,0
DA:154,0
DA:162,0
DA:163,0
DA:164,0
DA:166,0
DA:171,0
DA:179,0
DA:180,0
DA:181,0
DA:182,0
DA:184,0
DA:185,0
DA:186,0
DA:187,0
DA:188,0
DA:189,0
DA:190,0
DA:191,0
DA:195,0
DA:196,0
DA:199,0
DA:200,0
DA:201,0
DA:202,0
DA:206,0
DA:208,0
DA:209,0
DA:210,0
LF:93
LH:31
end_of_record
SF:lib\widgets\activities\external_links_widget.dart
DA:14,1
DA:15,0
DA:16,1
DA:18,1
DA:20,3
DA:21,1
DA:24,1
DA:25,2
DA:26,1
DA:28,1
DA:33,0
DA:34,0
DA:35,0
DA:37,0
DA:38,0
DA:39,0
LF:16
LH:9
end_of_record
SF:lib\widgets\activity_categories.dart
DA:15,1
DA:21,0
DA:22,0
DA:23,0
DA:24,1
DA:26,1
DA:28,1
DA:29,1
DA:31,1
DA:32,1
DA:36,2
DA:38,2
DA:39,3
DA:40,3
DA:41,0
DA:44,1
DA:45,0
DA:47,0
DA:48,0
DA:53,1
LF:20
LH:13
end_of_record
SF:lib\widgets\advanced_future_builder.dart
DA:22,4
DA:28,0
DA:29,0
DA:30,0
DA:31,4
DA:33,4
DA:35,4
DA:36,4
DA:37,4
DA:38,8
DA:39,4
DA:41,4
DA:42,0
DA:44,4
DA:45,12
DA:56,8
DA:63,0
DA:67,0
DA:68,0
DA:69,0
DA:70,0
DA:72,0
DA:73,0
LF:23
LH:12
end_of_record
SF:lib\widgets\common.dart
DA:7,4
DA:12,3
LF:2
LH:2
end_of_record
SF:lib\widgets\custom_card.dart
DA:13,5
DA:19,0
DA:20,5
DA:22,5
DA:24,11
DA:25,2
DA:26,5
DA:28,5
DA:29,15
DA:30,15
DA:31,10
DA:33,10
DA:36,5
DA:38,5
DA:40,10
DA:41,15
LF:16
LH:15
end_of_record
SF:lib\widgets\wadi_scaffold.dart
DA:18,4
DA:19,0
DA:20,4
DA:22,4
DA:24,4
DA:25,8
DA:27,4
DA:28,4
DA:29,4
DA:32,4
DA:34,12
DA:35,3
DA:36,3
DA:41,0
DA:42,0
DA:47,4
DA:48,4
LF:17
LH:14
end_of_record
SF:lib\widgets\activities\activity_stats_widget.dart
DA:11,1
DA:16,0
DA:17,0
DA:18,1
DA:20,1
DA:22,1
DA:23,1
DA:26,1
DA:27,1
DA:29,1
DA:30,1
DA:31,0
DA:34,1
DA:35,2
DA:36,3
LF:15
LH:12
end_of_record
SF:lib\widgets\dashboard\friends_activities_list.dart
DA:16,0
DA:17,0
DA:18,0
DA:20,0
DA:21,0
DA:27,0
DA:29,0
DA:30,0
DA:33,0
DA:35,0
DA:38,0
DA:39,0
DA:41,0
DA:42,0
DA:43,0
DA:44,0
DA:45,0
DA:49,0
DA:50,0
DA:51,0
DA:52,0
DA:61,0
DA:62,0
DA:63,0
DA:64,0
DA:65,0
DA:66,0
DA:68,0
DA:69,0
DA:70,0
LF:30
LH:0
end_of_record
SF:lib\widgets\dashboard\my_activities_list.dart
DA:16,0
DA:17,0
DA:18,0
DA:20,0
DA:21,0
DA:27,0
DA:29,0
DA:30,0
DA:33,0
DA:35,0
DA:38,0
DA:39,0
DA:41,0
DA:42,0
DA:43,0
DA:44,0
DA:45,0
DA:49,0
DA:50,0
DA:51,0
DA:52,0
DA:53,0
DA:62,0
DA:63,0
DA:64,0
DA:65,0
DA:66,0
DA:67,0
DA:69,0
DA:70,0
DA:71,0
LF:31
LH:0
end_of_record
SF:lib\widgets\dashboard\planter_calendar.dart
DA:20,1
DA:24,0
DA:25,0
DA:26,1
DA:28,1
DA:29,1
DA:39,1
DA:41,1
DA:42,1
DA:43,3
DA:46,1
DA:47,2
DA:48,1
DA:49,4
DA:50,3
DA:51,2
DA:52,1
DA:53,1
DA:54,1
DA:55,2
DA:60,1
DA:62,2
DA:63,1
DA:66,1
DA:68,1
DA:69,2
DA:71,1
DA:72,1
DA:73,1
DA:74,1
DA:75,4
DA:77,0
DA:79,0
DA:80,0
DA:81,0
DA:83,1
DA:84,2
DA:85,1
DA:86,1
DA:87,3
DA:88,3
DA:94,1
DA:95,1
DA:96,1
DA:97,2
DA:98,1
DA:100,1
DA:101,0
DA:103,1
DA:104,1
DA:105,3
DA:110,2
DA:111,1
DA:112,3
DA:126,1
DA:127,1
DA:135,1
DA:137,1
DA:138,1
DA:139,1
DA:140,1
DA:141,1
DA:142,1
DA:143,2
DA:144,1
DA:145,1
DA:146,1
DA:150,1
DA:151,1
DA:152,4
DA:157,1
DA:158,1
DA:159,2
DA:166,2
DA:176,0
DA:179,0
DA:180,0
DA:181,0
DA:183,0
DA:184,0
DA:185,0
DA:186,0
DA:187,0
DA:206,1
DA:212,0
DA:213,0
DA:214,0
DA:215,0
DA:216,1
DA:218,1
DA:220,1
DA:221,1
DA:239,1
DA:240,1
DA:241,1
DA:242,1
DA:243,1
DA:244,1
DA:245,1
DA:246,1
DA:247,1
DA:248,1
DA:249,1
DA:251,1
DA:252,1
DA:256,1
DA:257,1
DA:259,2
DA:263,1
DA:265,1
DA:266,1
DA:269,3
DA:274,1
DA:275,1
DA:276,1
DA:283,3
DA:288,1
DA:289,1
DA:290,1
DA:291,4
DA:298,3
DA:303,1
DA:305,1
DA:306,1
DA:309,1
DA:310,2
DA:317,1
DA:318,1
LF:128
LH:108
end_of_record
SF:lib\widgets\friend_invitation_form.dart
DA:14,0
DA:16,0
DA:17,0
DA:30,0
DA:32,0
DA:33,0
DA:34,0
DA:35,0
DA:36,0
DA:39,0
DA:42,0
DA:43,0
DA:44,0
DA:47,0
DA:48,0
DA:49,0
DA:52,0
DA:59,0
DA:60,0
DA:62,0
DA:63,0
DA:64,0
DA:71,0
DA:72,0
DA:75,0
DA:82,0
DA:83,0
DA:84,0
DA:86,0
DA:87,0
DA:89,0
DA:90,0
DA:91,0
DA:92,0
DA:103,0
DA:104,0
DA:105,0
DA:106,0
DA:107,0
DA:110,0
DA:111,0
DA:112,0
DA:114,0
DA:115,0
DA:116,0
DA:117,0
DA:118,0
DA:119,0
DA:122,0
DA:123,0
DA:124,0
DA:125,0
DA:131,0
DA:132,0
DA:133,0
DA:135,0
LF:56
LH:0
end_of_record
SF:lib\widgets\landing\how_it_works.dart
DA:12,0
DA:14,2
DA:16,2
DA:19,2
DA:20,2
DA:22,2
DA:23,2
DA:25,4
DA:26,2
DA:27,2
DA:28,2
DA:30,2
DA:31,2
DA:35,2
DA:37,2
DA:38,2
DA:40,2
DA:41,2
DA:43,2
DA:46,2
DA:48,2
DA:49,2
DA:51,2
DA:54,2
DA:56,2
DA:57,2
DA:59,2
DA:67,2
DA:69,2
DA:70,2
DA:77,2
DA:84,2
LF:32
LH:31
end_of_record
SF:lib\widgets\landing\landing_call_to_action.dart
DA:8,0
DA:10,1
DA:12,1
DA:15,1
DA:16,1
DA:19,1
DA:20,0
DA:21,0
LF:8
LH:5
end_of_record
SF:lib\widgets\landing\most_liked_activities_grid.dart
DA:16,0
DA:18,2
DA:20,2
DA:26,2
DA:28,2
DA:29,2
DA:30,6
DA:33,2
DA:35,2
DA:38,2
DA:39,2
DA:40,4
DA:41,6
DA:42,2
DA:43,2
DA:44,0
DA:45,0
DA:46,0
DA:47,0
DA:49,2
DA:53,2
DA:55,2
DA:56,0
DA:66,4
DA:70,2
DA:72,2
DA:73,2
DA:74,2
DA:75,2
DA:76,2
DA:77,0
DA:78,0
DA:81,0
DA:82,0
DA:83,0
LF:35
LH:24
end_of_record
SF:lib\widgets\landing\planters_overview_card.dart
DA:16,0
DA:18,2
DA:19,2
DA:25,2
DA:27,2
DA:28,2
DA:29,6
DA:32,2
DA:34,2
DA:37,2
DA:38,2
DA:39,4
DA:40,6
DA:41,2
DA:42,2
DA:43,0
DA:44,0
DA:45,0
DA:46,0
DA:48,2
DA:52,2
DA:54,2
DA:55,0
DA:65,4
DA:69,2
DA:71,2
DA:72,2
DA:73,2
DA:74,2
DA:75,2
DA:76,0
DA:77,0
DA:80,0
DA:81,0
DA:82,0
LF:35
LH:24
end_of_record
SF:lib\widgets\search\search_box.dart
DA:11,2
DA:12,0
DA:13,2
DA:15,2
DA:16,2
DA:23,2
DA:25,2
DA:26,8
DA:29,2
DA:31,2
DA:32,4
DA:35,2
DA:37,2
DA:40,2
DA:41,2
DA:42,2
DA:43,2
DA:44,2
DA:45,2
DA:46,0
DA:61,0
DA:62,0
DA:64,0
DA:67,0
DA:68,0
LF:25
LH:18
end_of_record
SF:lib\widgets\auth\login_form.dart
DA:19,0
DA:21,1
DA:22,1
DA:32,1
DA:34,2
DA:35,2
DA:36,1
DA:39,1
DA:42,1
DA:43,1
DA:44,1
DA:47,1
DA:48,1
DA:49,1
DA:51,0
DA:52,0
DA:53,0
DA:60,1
DA:61,1
DA:63,0
DA:71,1
DA:73,1
DA:74,1
DA:77,1
DA:78,1
DA:79,1
DA:80,1
DA:81,0
DA:82,1
DA:84,1
DA:85,1
DA:86,1
DA:87,1
DA:88,0
DA:93,1
DA:95,1
DA:96,1
DA:97,1
DA:98,1
DA:106,1
DA:107,0
DA:110,1
DA:112,1
DA:113,1
DA:114,1
DA:115,1
DA:121,1
DA:123,1
DA:124,1
DA:125,1
DA:126,1
DA:127,1
DA:128,1
DA:129,1
DA:130,1
DA:131,1
DA:134,1
DA:135,1
DA:136,0
DA:152,0
DA:153,0
DA:154,0
DA:156,0
DA:158,0
DA:159,0
DA:160,0
DA:161,0
DA:163,0
DA:167,0
DA:168,0
DA:169,0
DA:171,0
LF:72
LH:50
end_of_record
SF:lib\widgets\auth\social_authentication.dart
DA:15,0
DA:16,0
DA:17,0
DA:19,1
DA:21,1
DA:22,1
DA:25,1
DA:26,1
DA:30,0
DA:33,1
DA:37,0
DA:44,1
DA:46,1
DA:49,1
DA:50,1
DA:54,1
DA:56,1
DA:57,1
DA:58,1
DA:61,1
DA:62,1
DA:69,1
DA:70,1
DA:71,1
LF:24
LH:19
end_of_record
SF:lib\widgets\activities\detailed_activities_list.dart
DA:21,1
DA:26,0
DA:27,0
DA:28,1
DA:30,1
DA:31,1
DA:37,1
DA:39,1
DA:40,4
DA:43,1
DA:45,1
DA:46,2
DA:48,1
DA:49,1
DA:51,1
DA:52,1
DA:53,1
DA:54,0
DA:55,0
DA:59,2
DA:60,0
DA:62,0
DA:63,0
DA:68,1
DA:73,0
DA:74,0
DA:77,0
DA:78,0
DA:79,0
LF:29
LH:17
end_of_record
SF:lib\widgets\chat\messenger_chat_route.dart
DA:11,0
DA:13,0
DA:16,0
DA:19,0
DA:22,0
DA:25,0
DA:28,0
DA:31,0
DA:38,0
DA:41,0
DA:42,0
DA:45,0
DA:46,0
DA:47,0
DA:50,0
DA:51,0
DA:52,0
DA:53,0
DA:61,0
DA:64,0
DA:65,0
DA:68,0
LF:22
LH:0
end_of_record
SF:lib\widgets\planters\detailed_planter_tile.dart
DA:15,1
DA:16,0
DA:17,1
DA:19,1
DA:22,1
DA:23,1
DA:24,1
DA:26,1
DA:28,1
DA:29,1
DA:31,1
DA:32,2
DA:36,2
DA:40,1
DA:42,1
DA:44,1
DA:45,4
DA:47,1
DA:48,1
DA:49,2
DA:50,1
DA:54,1
DA:56,1
DA:57,1
DA:59,1
DA:61,1
DA:62,3
DA:63,1
DA:68,2
DA:69,1
DA:71,1
DA:81,1
DA:82,3
DA:83,1
LF:34
LH:33
end_of_record
SF:lib\screens\messenger_chat_screen.dart
DA:19,0
DA:20,0
DA:21,0
DA:23,0
DA:24,0
DA:43,0
DA:45,0
DA:46,0
DA:47,0
DA:48,0
DA:49,0
DA:50,0
DA:53,0
DA:55,0
DA:56,0
DA:57,0
DA:60,0
DA:62,0
DA:63,0
DA:64,0
DA:66,0
DA:67,0
DA:70,0
DA:72,0
DA:75,0
DA:79,0
DA:80,0
DA:81,0
DA:82,0
DA:83,0
DA:84,0
DA:85,0
DA:86,0
DA:87,0
DA:88,0
DA:90,0
DA:91,0
DA:92,0
DA:93,0
DA:94,0
DA:95,0
DA:96,0
DA:97,0
DA:103,0
DA:104,0
DA:105,0
DA:106,0
DA:107,0
DA:112,0
DA:118,0
DA:120,0
DA:121,0
DA:122,0
DA:123,0
DA:125,0
DA:126,0
DA:135,0
DA:136,0
DA:151,0
DA:152,0
DA:160,0
DA:161,0
DA:165,0
DA:167,0
DA:168,0
DA:169,0
DA:170,0
DA:171,0
DA:173,0
DA:174,0
DA:176,0
DA:177,0
DA:179,0
DA:180,0
DA:181,0
DA:183,0
LF:76
LH:0
end_of_record
SF:lib\widgets\chat\chat_body.dart
DA:28,0
DA:30,0
DA:32,0
DA:33,0
DA:34,0
DA:35,0
DA:37,0
DA:38,0
DA:40,0
DA:46,0
DA:47,0
DA:50,0
DA:51,0
DA:52,0
DA:53,0
DA:55,0
DA:56,0
DA:57,0
DA:58,0
DA:60,0
DA:62,0
DA:70,0
DA:71,0
DA:72,0
DA:73,0
DA:74,0
DA:76,0
DA:83,0
DA:85,0
DA:86,0
DA:87,0
DA:88,0
DA:89,0
DA:90,0
DA:92,0
DA:93,0
DA:94,0
DA:97,0
DA:98,0
DA:100,0
DA:103,0
DA:105,0
DA:106,0
DA:107,0
DA:109,0
DA:110,0
DA:114,0
DA:121,0
DA:123,0
DA:127,0
DA:128,0
DA:129,0
DA:130,0
DA:131,0
DA:134,0
DA:135,0
DA:139,0
DA:141,0
DA:142,0
DA:145,0
DA:148,0
DA:151,0
DA:153,0
DA:155,0
DA:157,0
DA:158,0
DA:162,0
DA:163,0
DA:165,0
DA:167,0
DA:168,0
DA:172,0
LF:72
LH:0
end_of_record
SF:lib\widgets\planters\detailed_planters_list.dart
DA:19,0
DA:23,0
DA:24,0
DA:25,0
DA:27,0
DA:28,0
DA:34,0
DA:36,0
DA:37,0
DA:40,0
DA:42,0
DA:43,0
DA:45,0
DA:46,0
DA:48,0
DA:49,0
DA:50,0
DA:51,0
DA:52,0
DA:61,0
DA:62,0
DA:65,0
DA:66,0
DA:67,0
DA:68,0
DA:69,0
DA:70,0
DA:71,0
DA:73,0
DA:74,0
DA:75,0
DA:76,0
LF:32
LH:0
end_of_record
SF:lib\utils\validators.dart
DA:9,0
DA:10,0
DA:11,0
DA:16,0
DA:17,0
DA:23,0
DA:24,0
DA:31,0
DA:32,0
DA:38,0
DA:39,0
DA:47,0
DA:48,0
DA:49,0
DA:52,0
DA:53,0
DA:54,0
DA:56,0
DA:64,0
DA:65,0
DA:66,0
LF:21
LH:0
end_of_record
SF:lib\widgets\auth\auth_button.dart
DA:9,1
DA:14,0
DA:15,0
DA:16,1
DA:18,1
DA:20,1
DA:21,1
DA:22,1
DA:34,2
LF:9
LH:7
end_of_record
SF:lib\widgets\bug_report_form.dart
DA:10,0
DA:12,0
DA:13,0
DA:25,0
DA:27,0
DA:28,0
DA:29,0
DA:30,0
DA:33,0
DA:36,0
DA:37,0
DA:38,0
DA:41,0
DA:42,0
DA:43,0
DA:46,0
DA:53,0
DA:54,0
DA:58,0
DA:65,0
DA:66,0
DA:67,0
DA:69,0
DA:70,0
DA:72,0
DA:73,0
DA:74,0
DA:75,0
DA:86,0
DA:87,0
DA:88,0
DA:89,0
DA:92,0
DA:93,0
DA:94,0
DA:96,0
DA:98,0
DA:99,0
DA:100,0
DA:101,0
DA:104,0
DA:105,0
DA:106,0
DA:107,0
DA:113,0
DA:114,0
DA:115,0
DA:117,0
LF:48
LH:0
end_of_record
SF:lib\widgets\activities\compact_activities_list.dart
DA:18,0
DA:23,0
DA:24,0
DA:25,0
DA:27,0
DA:29,0
DA:30,0
DA:32,0
DA:33,0
DA:34,0
DA:37,0
DA:38,0
DA:40,0
DA:41,0
DA:46,0
DA:51,0
DA:52,0
DA:53,0
DA:54,0
DA:55,0
DA:56,0
DA:57,0
DA:59,0
DA:60,0
DA:61,0
DA:62,0
DA:65,0
DA:69,0
LF:28
LH:0
end_of_record
SF:lib\widgets\search\hashtags_widget.dart
DA:11,0
DA:16,0
DA:17,0
DA:18,0
DA:19,0
DA:21,0
DA:23,0
DA:24,0
DA:26,0
DA:27,0
DA:30,0
DA:31,0
DA:37,0
DA:38,0
DA:40,0
LF:15
LH:0
end_of_record
SF:lib\widgets\auth\sign_up_form.dart
DA:17,0
DA:19,0
DA:20,0
DA:34,0
DA:36,0
DA:37,0
DA:38,0
DA:39,0
DA:40,0
DA:43,0
DA:46,0
DA:47,0
DA:48,0
DA:51,0
DA:52,0
DA:53,0
DA:55,0
DA:56,0
DA:57,0
DA:64,0
DA:65,0
DA:67,0
DA:68,0
DA:69,0
DA:76,0
DA:77,0
DA:79,0
DA:80,0
DA:81,0
DA:88,0
DA:89,0
DA:90,0
DA:92,0
DA:93,0
DA:94,0
DA:95,0
DA:96,0
DA:100,0
DA:101,0
DA:102,0
DA:103,0
DA:104,0
DA:105,0
DA:106,0
DA:120,0
DA:122,0
DA:123,0
DA:126,0
DA:127,0
DA:128,0
DA:129,0
DA:130,0
DA:131,0
DA:132,0
DA:133,0
DA:134,0
DA:137,0
DA:138,0
DA:139,0
DA:154,0
DA:155,0
DA:156,0
DA:157,0
DA:158,0
DA:161,0
DA:162,0
DA:163,0
DA:164,0
DA:165,0
DA:170,0
DA:171,0
DA:173,0
DA:174,0
DA:175,0
DA:176,0
DA:177,0
DA:178,0
DA:179,0
DA:182,0
DA:183,0
DA:184,0
DA:185,0
DA:191,0
DA:192,0
DA:193,0
DA:195,0
LF:86
LH:0
end_of_record
SF:lib\utils\date_time_extension.dart
DA:2,1
DA:3,9
DA:6,0
LF:3
LH:2
end_of_record
SF:lib\widgets\custom_stepper.dart
DA:8,1
DA:28,1
DA:34,0
DA:35,0
DA:36,0
DA:37,1
DA:44,2
DA:46,5
DA:48,2
DA:50,1
DA:52,1
DA:53,1
DA:54,1
DA:57,3
DA:59,3
DA:60,1
DA:62,1
DA:63,1
DA:66,3
DA:72,1
DA:73,1
DA:75,1
DA:76,3
DA:77,1
DA:78,1
DA:79,1
DA:80,1
DA:81,4
DA:83,1
DA:84,8
DA:86,1
DA:87,1
DA:88,2
DA:89,2
DA:90,2
DA:91,2
DA:93,3
DA:100,1
DA:101,1
DA:102,1
DA:103,1
DA:104,2
DA:105,3
DA:108,1
DA:109,1
DA:111,1
DA:113,1
DA:114,1
DA:115,2
DA:116,3
DA:119,1
DA:128,1
DA:130,1
DA:131,1
DA:132,5
LF:55
LH:52
end_of_record
SF:lib\widgets\custom_list_tile.dart
DA:13,0
DA:19,0
DA:20,0
DA:21,0
DA:22,0
DA:24,0
DA:26,0
DA:27,0
DA:28,0
DA:30,0
DA:31,0
DA:33,0
DA:35,0
DA:36,0
DA:37,0
DA:42,0
DA:44,0
DA:47,0
DA:48,0
DA:50,0
DA:51,0
DA:52,0
LF:22
LH:0
end_of_record
SF:lib\widgets\activities\detailed_activity_tile.dart
DA:18,0
DA:19,0
DA:20,0
DA:22,0
DA:25,0
DA:26,0
DA:27,0
DA:29,0
DA:30,0
DA:31,0
DA:32,0
DA:35,0
DA:39,0
DA:46,0
DA:48,0
DA:49,0
DA:51,0
DA:53,0
DA:54,0
DA:56,0
DA:61,0
DA:63,0
DA:65,0
DA:66,0
DA:68,0
DA:69,0
DA:70,0
DA:73,0
DA:75,0
DA:76,0
DA:78,0
DA:80,0
DA:81,0
DA:82,0
DA:87,0
DA:89,0
DA:90,0
DA:91,0
DA:93,0
DA:96,0
DA:97,0
DA:100,0
DA:101,0
DA:102,0
LF:44
LH:0
end_of_record
SF:lib\widgets\grids\grid_box_item.dart
DA:12,3
DA:17,0
DA:18,0
DA:19,0
DA:20,3
DA:22,3
DA:24,3
DA:27,3
DA:28,3
DA:29,3
DA:31,3
DA:32,3
DA:33,3
DA:34,3
DA:35,6
DA:41,9
LF:16
LH:13
end_of_record
SF:lib\widgets\chat\chat_bubble.dart
DA:10,0
DA:14,0
DA:15,0
DA:17,0
DA:19,0
DA:22,0
DA:23,0
DA:25,0
DA:26,0
DA:28,0
DA:30,0
LF:11
LH:0
end_of_record
SF:lib\widgets\chat\chat_bubble_clipper.dart
DA:8,0
DA:10,0
DA:12,0
DA:13,0
DA:14,0
DA:16,0
DA:17,0
DA:18,0
DA:20,0
DA:23,0
DA:28,0
LF:11
LH:0
end_of_record
SF:lib\widgets\custom_drawer.dart
DA:25,0
DA:27,1
DA:29,1
DA:30,1
DA:32,1
DA:33,1
DA:34,1
DA:35,1
DA:36,2
DA:37,1
DA:38,1
DA:40,2
DA:49,2
DA:50,1
DA:52,1
DA:53,2
DA:55,2
DA:61,2
DA:62,2
DA:63,1
DA:64,1
DA:65,1
DA:66,1
DA:67,4
DA:68,1
DA:74,2
DA:75,1
DA:77,1
DA:78,1
DA:80,1
DA:82,1
DA:84,1
DA:86,1
DA:88,1
DA:93,2
DA:94,1
DA:95,1
DA:97,1
DA:99,1
DA:100,1
DA:101,1
DA:108,1
DA:109,1
DA:110,2
DA:113,4
DA:114,0
DA:127,0
DA:129,1
DA:132,4
DA:133,1
DA:134,2
DA:135,1
DA:137,1
DA:146,1
DA:147,1
DA:151,0
DA:157,1
DA:160,0
DA:161,0
DA:162,0
DA:182,1
DA:188,1
DA:190,1
DA:193,1
DA:199,1
DA:201,1
DA:204,1
DA:206,1
DA:207,1
DA:209,2
DA:210,2
DA:211,0
DA:212,0
DA:213,0
DA:214,0
DA:215,0
LF:76
LH:64
end_of_record
